<?xml version="1.0" encoding="UTF-8"?>
<!-- Generated by org.testng.reporters.JUnitReportReporter -->
<testsuite hostname="Tasas-MacBook-Pro.local" failures="0" tests="1" name="Test.ByInsuranceTest" time="15.815" errors="0" timestamp="2024-07-08T05:14:37 IST" skipped="0">
  <testcase classname="Test.ByInsuranceTest" name="Test1" time="15.815"/>
  <system-out/>
</testsuite> <!-- Test.ByInsuranceTest -->
